This file contains any messages produced by compilers while
running configure, to aid debugging if configure makes a mistake.

It was created by linjap configure 2.0.0.4, which was
generated by GNU Autoconf 2.63.  Invocation command line was

  $ ./configure 

## --------- ##
## Platform. ##
## --------- ##

hostname = main
uname -m = i686
uname -r = 2.6.27.12-170.2.5.fc10.i686
uname -s = Linux
uname -v = #1 SMP Wed Jan 21 02:09:37 EST 2009

/usr/bin/uname -p = unknown
/bin/uname -X     = unknown

/bin/arch              = i686
/usr/bin/arch -k       = unknown
/usr/convex/getsysinfo = unknown
/usr/bin/hostinfo      = unknown
/bin/machine           = unknown
/usr/bin/oslevel       = unknown
/bin/universe          = unknown

PATH: /usr/lib/qt-3.3/bin
PATH: /usr/kerberos/bin
PATH: /usr/local/bin
PATH: /usr/bin
PATH: /bin
PATH: /usr/local/sbin
PATH: /usr/sbin
PATH: /sbin
PATH: /home/sin/bin


## ----------- ##
## Core tests. ##
## ----------- ##

configure:2097: checking for a BSD-compatible install
configure:2165: result: /usr/bin/install -c
configure:2176: checking whether build environment is sane
configure:2219: result: yes
configure:2244: checking for a thread-safe mkdir -p
configure:2283: result: /bin/mkdir -p
configure:2296: checking for gawk
configure:2312: found /usr/bin/gawk
configure:2323: result: gawk
configure:2334: checking whether make sets $(MAKE)
configure:2356: result: yes
configure:2542: checking whether to enable maintainer-specific portions of Makefiles
configure:2551: result: no
configure:2577: checking for style of include used by make
configure:2605: result: GNU
configure:2675: checking for gcc
configure:2691: found /usr/bin/gcc
configure:2702: result: gcc
configure:2934: checking for C compiler version
configure:2942: gcc --version >&5
gcc (GCC) 4.3.2 20081105 (Red Hat 4.3.2-7)
Copyright (C) 2008 Free Software Foundation, Inc.
This is free software; see the source for copying conditions.  There is NO
warranty; not even for MERCHANTABILITY or FITNESS FOR A PARTICULAR PURPOSE.

configure:2946: $? = 0
configure:2953: gcc -v >&5
Using built-in specs.
Target: i386-redhat-linux
Configured with: ../configure --prefix=/usr --mandir=/usr/share/man --infodir=/usr/share/info --with-bugurl=http://bugzilla.redhat.com/bugzilla --enable-bootstrap --enable-shared --enable-threads=posix --enable-checking=release --with-system-zlib --enable-__cxa_atexit --disable-libunwind-exceptions --enable-languages=c,c++,objc,obj-c++,java,fortran,ada --enable-java-awt=gtk --disable-dssi --enable-plugin --with-java-home=/usr/lib/jvm/java-1.5.0-gcj-1.5.0.0/jre --enable-libgcj-multifile --enable-java-maintainer-mode --with-ecj-jar=/usr/share/java/eclipse-ecj.jar --disable-libjava-multilib --with-cpu=generic --build=i386-redhat-linux
Thread model: posix
gcc version 4.3.2 20081105 (Red Hat 4.3.2-7) (GCC) 
configure:2957: $? = 0
configure:2964: gcc -V >&5
gcc: '-V' option must have argument
configure:2968: $? = 1
configure:2991: checking for C compiler default output file name
configure:3013: gcc    conftest.c  >&5
configure:3017: $? = 0
configure:3055: result: a.out
configure:3074: checking whether the C compiler works
configure:3084: ./a.out
configure:3088: $? = 0
configure:3107: result: yes
configure:3114: checking whether we are cross compiling
configure:3116: result: no
configure:3119: checking for suffix of executables
configure:3126: gcc -o conftest    conftest.c  >&5
configure:3130: $? = 0
configure:3156: result: 
configure:3162: checking for suffix of object files
configure:3188: gcc -c   conftest.c >&5
configure:3192: $? = 0
configure:3217: result: o
configure:3221: checking whether we are using the GNU C compiler
configure:3250: gcc -c   conftest.c >&5
configure:3257: $? = 0
configure:3274: result: yes
configure:3283: checking whether gcc accepts -g
configure:3313: gcc -c -g  conftest.c >&5
configure:3320: $? = 0
configure:3421: result: yes
configure:3438: checking for gcc option to accept ISO C89
configure:3512: gcc  -c -g -O2  conftest.c >&5
configure:3519: $? = 0
configure:3542: result: none needed
configure:3562: checking dependency style of gcc
configure:3653: result: gcc3
configure:3669: checking for library containing strerror
configure:3710: gcc -o conftest -g -O2   conftest.c  >&5
configure:3717: $? = 0
configure:3748: result: none required
configure:3814: checking for g++
configure:3830: found /usr/bin/g++
configure:3841: result: g++
configure:3868: checking for C++ compiler version
configure:3876: g++ --version >&5
g++ (GCC) 4.3.2 20081105 (Red Hat 4.3.2-7)
Copyright (C) 2008 Free Software Foundation, Inc.
This is free software; see the source for copying conditions.  There is NO
warranty; not even for MERCHANTABILITY or FITNESS FOR A PARTICULAR PURPOSE.

configure:3880: $? = 0
configure:3887: g++ -v >&5
Using built-in specs.
Target: i386-redhat-linux
Configured with: ../configure --prefix=/usr --mandir=/usr/share/man --infodir=/usr/share/info --with-bugurl=http://bugzilla.redhat.com/bugzilla --enable-bootstrap --enable-shared --enable-threads=posix --enable-checking=release --with-system-zlib --enable-__cxa_atexit --disable-libunwind-exceptions --enable-languages=c,c++,objc,obj-c++,java,fortran,ada --enable-java-awt=gtk --disable-dssi --enable-plugin --with-java-home=/usr/lib/jvm/java-1.5.0-gcj-1.5.0.0/jre --enable-libgcj-multifile --enable-java-maintainer-mode --with-ecj-jar=/usr/share/java/eclipse-ecj.jar --disable-libjava-multilib --with-cpu=generic --build=i386-redhat-linux
Thread model: posix
gcc version 4.3.2 20081105 (Red Hat 4.3.2-7) (GCC) 
configure:3891: $? = 0
configure:3898: g++ -V >&5
g++: '-V' option must have argument
configure:3902: $? = 1
configure:3905: checking whether we are using the GNU C++ compiler
configure:3934: g++ -c   conftest.cpp >&5
configure:3941: $? = 0
configure:3958: result: yes
configure:3967: checking whether g++ accepts -g
configure:3997: g++ -c -g  conftest.cpp >&5
configure:4004: $? = 0
configure:4105: result: yes
configure:4130: checking dependency style of g++
configure:4221: result: gcc3
configure:4284: checking for gcc
configure:4311: result: gcc
configure:4543: checking for C compiler version
configure:4551: gcc --version >&5
gcc (GCC) 4.3.2 20081105 (Red Hat 4.3.2-7)
Copyright (C) 2008 Free Software Foundation, Inc.
This is free software; see the source for copying conditions.  There is NO
warranty; not even for MERCHANTABILITY or FITNESS FOR A PARTICULAR PURPOSE.

configure:4555: $? = 0
configure:4562: gcc -v >&5
Using built-in specs.
Target: i386-redhat-linux
Configured with: ../configure --prefix=/usr --mandir=/usr/share/man --infodir=/usr/share/info --with-bugurl=http://bugzilla.redhat.com/bugzilla --enable-bootstrap --enable-shared --enable-threads=posix --enable-checking=release --with-system-zlib --enable-__cxa_atexit --disable-libunwind-exceptions --enable-languages=c,c++,objc,obj-c++,java,fortran,ada --enable-java-awt=gtk --disable-dssi --enable-plugin --with-java-home=/usr/lib/jvm/java-1.5.0-gcj-1.5.0.0/jre --enable-libgcj-multifile --enable-java-maintainer-mode --with-ecj-jar=/usr/share/java/eclipse-ecj.jar --disable-libjava-multilib --with-cpu=generic --build=i386-redhat-linux
Thread model: posix
gcc version 4.3.2 20081105 (Red Hat 4.3.2-7) (GCC) 
configure:4566: $? = 0
configure:4573: gcc -V >&5
gcc: '-V' option must have argument
configure:4577: $? = 1
configure:4580: checking whether we are using the GNU C compiler
configure:4633: result: yes
configure:4642: checking whether gcc accepts -g
configure:4780: result: yes
configure:4797: checking for gcc option to accept ISO C89
configure:4901: result: none needed
configure:4921: checking dependency style of gcc
configure:5012: result: gcc3
configure:5035: checking how to run the C preprocessor
configure:5075: gcc -E  conftest.c
configure:5082: $? = 0
configure:5113: gcc -E  conftest.c
conftest.c:10:28: error: ac_nonexistent.h: No such file or directory
configure:5120: $? = 1
configure: failed program was:
| /* confdefs.h.  */
| #define PACKAGE_NAME "linjap"
| #define PACKAGE_TARNAME "linjap"
| #define PACKAGE_VERSION "2.0.0.4"
| #define PACKAGE_STRING "linjap 2.0.0.4"
| #define PACKAGE_BUGREPORT ""
| #define PACKAGE "linjap"
| #define VERSION "2.0.0.4"
| /* end confdefs.h.  */
| #include <ac_nonexistent.h>
configure:5153: result: gcc -E
configure:5182: gcc -E  conftest.c
configure:5189: $? = 0
configure:5220: gcc -E  conftest.c
conftest.c:10:28: error: ac_nonexistent.h: No such file or directory
configure:5227: $? = 1
configure: failed program was:
| /* confdefs.h.  */
| #define PACKAGE_NAME "linjap"
| #define PACKAGE_TARNAME "linjap"
| #define PACKAGE_VERSION "2.0.0.4"
| #define PACKAGE_STRING "linjap 2.0.0.4"
| #define PACKAGE_BUGREPORT ""
| #define PACKAGE "linjap"
| #define VERSION "2.0.0.4"
| /* end confdefs.h.  */
| #include <ac_nonexistent.h>
configure:5267: checking for grep that handles long lines and -e
configure:5327: result: /bin/grep
configure:5332: checking for egrep
configure:5396: result: /bin/grep -E
configure:5401: checking for ANSI C header files
configure:5431: gcc -c -g -O2  conftest.c >&5
configure:5438: $? = 0
configure:5537: gcc -o conftest -g -O2   conftest.c  >&5
configure:5541: $? = 0
configure:5547: ./conftest
configure:5551: $? = 0
configure:5569: result: yes
configure:5659: checking build system type
configure:5677: result: i686-pc-linux-gnu
configure:5699: checking host system type
configure:5714: result: i686-pc-linux-gnu
configure:5736: checking for a sed that does not truncate output
configure:5792: result: /bin/sed
configure:5806: checking for ld used by gcc
configure:5873: result: /usr/bin/ld
configure:5882: checking if the linker (/usr/bin/ld) is GNU ld
configure:5897: result: yes
configure:5902: checking for /usr/bin/ld option to reload object files
configure:5909: result: -r
configure:5927: checking for BSD-compatible nm
configure:5976: result: /usr/bin/nm -B
configure:5980: checking whether ln -s works
configure:5984: result: yes
configure:5991: checking how to recognize dependent libraries
configure:6177: result: pass_all
configure:6435: checking for sys/types.h
configure:6456: gcc -c -g -O2  conftest.c >&5
configure:6463: $? = 0
configure:6480: result: yes
configure:6435: checking for sys/stat.h
configure:6456: gcc -c -g -O2  conftest.c >&5
configure:6463: $? = 0
configure:6480: result: yes
configure:6435: checking for stdlib.h
configure:6456: gcc -c -g -O2  conftest.c >&5
configure:6463: $? = 0
configure:6480: result: yes
configure:6435: checking for string.h
configure:6456: gcc -c -g -O2  conftest.c >&5
configure:6463: $? = 0
configure:6480: result: yes
configure:6435: checking for memory.h
configure:6456: gcc -c -g -O2  conftest.c >&5
configure:6463: $? = 0
configure:6480: result: yes
configure:6435: checking for strings.h
configure:6456: gcc -c -g -O2  conftest.c >&5
configure:6463: $? = 0
configure:6480: result: yes
configure:6435: checking for inttypes.h
configure:6456: gcc -c -g -O2  conftest.c >&5
configure:6463: $? = 0
configure:6480: result: yes
configure:6435: checking for stdint.h
configure:6456: gcc -c -g -O2  conftest.c >&5
configure:6463: $? = 0
configure:6480: result: yes
configure:6435: checking for unistd.h
configure:6456: gcc -c -g -O2  conftest.c >&5
configure:6463: $? = 0
configure:6480: result: yes
configure:6510: checking dlfcn.h usability
configure:6527: gcc -c -g -O2  conftest.c >&5
configure:6534: $? = 0
configure:6548: result: yes
configure:6552: checking dlfcn.h presence
configure:6567: gcc -E  conftest.c
configure:6574: $? = 0
configure:6588: result: yes
configure:6616: checking for dlfcn.h
configure:6625: result: yes
configure:6650: checking how to run the C++ preprocessor
configure:6686: g++ -E  conftest.cpp
configure:6693: $? = 0
configure:6724: g++ -E  conftest.cpp
conftest.cpp:21:28: error: ac_nonexistent.h: No such file or directory
configure:6731: $? = 1
configure: failed program was:
| /* confdefs.h.  */
| #define PACKAGE_NAME "linjap"
| #define PACKAGE_TARNAME "linjap"
| #define PACKAGE_VERSION "2.0.0.4"
| #define PACKAGE_STRING "linjap 2.0.0.4"
| #define PACKAGE_BUGREPORT ""
| #define PACKAGE "linjap"
| #define VERSION "2.0.0.4"
| #define STDC_HEADERS 1
| #define HAVE_SYS_TYPES_H 1
| #define HAVE_SYS_STAT_H 1
| #define HAVE_STDLIB_H 1
| #define HAVE_STRING_H 1
| #define HAVE_MEMORY_H 1
| #define HAVE_STRINGS_H 1
| #define HAVE_INTTYPES_H 1
| #define HAVE_STDINT_H 1
| #define HAVE_UNISTD_H 1
| #define HAVE_DLFCN_H 1
| /* end confdefs.h.  */
| #include <ac_nonexistent.h>
configure:6764: result: g++ -E
configure:6793: g++ -E  conftest.cpp
configure:6800: $? = 0
configure:6831: g++ -E  conftest.cpp
conftest.cpp:21:28: error: ac_nonexistent.h: No such file or directory
configure:6838: $? = 1
configure: failed program was:
| /* confdefs.h.  */
| #define PACKAGE_NAME "linjap"
| #define PACKAGE_TARNAME "linjap"
| #define PACKAGE_VERSION "2.0.0.4"
| #define PACKAGE_STRING "linjap 2.0.0.4"
| #define PACKAGE_BUGREPORT ""
| #define PACKAGE "linjap"
| #define VERSION "2.0.0.4"
| #define STDC_HEADERS 1
| #define HAVE_SYS_TYPES_H 1
| #define HAVE_SYS_STAT_H 1
| #define HAVE_STDLIB_H 1
| #define HAVE_STRING_H 1
| #define HAVE_MEMORY_H 1
| #define HAVE_STRINGS_H 1
| #define HAVE_INTTYPES_H 1
| #define HAVE_STDINT_H 1
| #define HAVE_UNISTD_H 1
| #define HAVE_DLFCN_H 1
| /* end confdefs.h.  */
| #include <ac_nonexistent.h>
configure:6933: checking for g77
configure:6963: result: no
configure:6933: checking for xlf
configure:6963: result: no
configure:6933: checking for f77
configure:6963: result: no
configure:6933: checking for frt
configure:6963: result: no
configure:6933: checking for pgf77
configure:6963: result: no
configure:6933: checking for cf77
configure:6963: result: no
configure:6933: checking for fort77
configure:6963: result: no
configure:6933: checking for fl32
configure:6963: result: no
configure:6933: checking for af77
configure:6963: result: no
configure:6933: checking for xlf90
configure:6963: result: no
configure:6933: checking for f90
configure:6963: result: no
configure:6933: checking for pgf90
configure:6963: result: no
configure:6933: checking for pghpf
configure:6963: result: no
configure:6933: checking for epcf90
configure:6963: result: no
configure:6933: checking for gfortran
configure:6963: result: no
configure:6933: checking for g95
configure:6963: result: no
configure:6933: checking for xlf95
configure:6963: result: no
configure:6933: checking for f95
configure:6963: result: no
configure:6933: checking for fort
configure:6963: result: no
configure:6933: checking for ifort
configure:6963: result: no
configure:6933: checking for ifc
configure:6963: result: no
configure:6933: checking for efc
configure:6963: result: no
configure:6933: checking for pgf95
configure:6963: result: no
configure:6933: checking for lf95
configure:6963: result: no
configure:6933: checking for ftn
configure:6963: result: no
configure:6986: checking for Fortran 77 compiler version
configure:6994:  --version >&5
./configure: line 6996: --version: command not found
configure:6998: $? = 127
configure:7005:  -v >&5
./configure: line 7007: -v: command not found
configure:7009: $? = 127
configure:7016:  -V >&5
./configure: line 7018: -V: command not found
configure:7020: $? = 127
configure:7028: checking whether we are using the GNU Fortran 77 compiler
configure:7047:  -c  conftest.F >&5
./configure: line 7049: -c: command not found
configure:7054: $? = 127
configure: failed program was:
|       program main
| #ifndef __GNUC__
|        choke me
| #endif
| 
|       end
configure:7071: result: no
configure:7077: checking whether  accepts -g
configure:7094:  -c -g conftest.f >&5
./configure: line 7096: -c: command not found
configure:7101: $? = 127
configure: failed program was:
|       program main
| 
|       end
configure:7117: result: no
configure:7150: checking the maximum length of command line arguments
configure:7262: result: 1966080
configure:7274: checking command to parse /usr/bin/nm -B output from gcc object
configure:7379: gcc -c -g -O2  conftest.c >&5
configure:7382: $? = 0
configure:7386: /usr/bin/nm -B conftest.o \| sed -n -e 's/^.*[ 	]\([ABCDGIRSTW][ABCDGIRSTW]*\)[ 	][ 	]*\([_A-Za-z][_A-Za-z0-9]*\)$/\1 \2 \2/p' \> conftest.nm
configure:7389: $? = 0
configure:7441: gcc -o conftest -g -O2   conftest.c conftstm.o >&5
configure:7444: $? = 0
configure:7482: result: ok
configure:7486: checking for objdir
configure:7501: result: .libs
configure:7593: checking for ar
configure:7609: found /usr/bin/ar
configure:7620: result: ar
configure:7685: checking for ranlib
configure:7701: found /usr/bin/ranlib
configure:7712: result: ranlib
configure:7777: checking for strip
configure:7793: found /usr/bin/strip
configure:7804: result: strip
configure:8394: checking if gcc supports -fno-rtti -fno-exceptions
configure:8412: gcc -c -g -O2  -fno-rtti -fno-exceptions conftest.c >&5
cc1: warning: command line option "-fno-rtti" is valid for C++/ObjC++ but not for C
configure:8416: $? = 0
configure:8429: result: no
configure:8444: checking for gcc option to produce PIC
configure:8676: result: -fPIC
configure:8684: checking if gcc PIC flag -fPIC works
configure:8702: gcc -c -g -O2  -fPIC -DPIC conftest.c >&5
configure:8706: $? = 0
configure:8719: result: yes
configure:8747: checking if gcc static flag -static works
configure:8775: result: yes
configure:8785: checking if gcc supports -c -o file.o
configure:8806: gcc -c -g -O2  -o out/conftest2.o conftest.c >&5
configure:8810: $? = 0
configure:8832: result: yes
configure:8858: checking whether the gcc linker (/usr/bin/ld) supports shared libraries
configure:9846: result: yes
configure:9867: checking whether -lc should be explicitly linked in
configure:9872: gcc -c -g -O2  conftest.c >&5
configure:9875: $? = 0
configure:9890: gcc -shared conftest.o  -v -Wl,-soname -Wl,conftest -o conftest 2\>\&1 \| grep  -lc  \>/dev/null 2\>\&1
configure:9893: $? = 0
configure:9905: result: no
configure:9913: checking dynamic linker characteristics
configure:10517: result: GNU/Linux ld.so
configure:10541: checking how to hardcode library paths into programs
configure:10566: result: immediate
configure:10580: checking whether stripping libraries is possible
configure:10585: result: yes
configure:11415: checking if libtool supports shared libraries
configure:11417: result: yes
configure:11420: checking whether to build shared libraries
configure:11441: result: yes
configure:11444: checking whether to build static libraries
configure:11448: result: yes
configure:11542: creating libtool
configure:12135: checking for ld used by g++
configure:12202: result: /usr/bin/ld
configure:12211: checking if the linker (/usr/bin/ld) is GNU ld
configure:12226: result: yes
configure:12277: checking whether the g++ linker (/usr/bin/ld) supports shared libraries
configure:13231: result: yes
configure:13248: g++ -c -g -O2  conftest.cpp >&5
configure:13251: $? = 0
configure:13407: checking for g++ option to produce PIC
configure:13691: result: -fPIC
configure:13699: checking if g++ PIC flag -fPIC works
configure:13717: g++ -c -g -O2  -fPIC -DPIC conftest.cpp >&5
configure:13721: $? = 0
configure:13734: result: yes
configure:13762: checking if g++ static flag -static works
configure:13790: result: yes
configure:13800: checking if g++ supports -c -o file.o
configure:13821: g++ -c -g -O2  -o out/conftest2.o conftest.cpp >&5
configure:13825: $? = 0
configure:13847: result: yes
configure:13873: checking whether the g++ linker (/usr/bin/ld) supports shared libraries
configure:13899: result: yes
configure:13966: checking dynamic linker characteristics
configure:14518: result: GNU/Linux ld.so
configure:14542: checking how to hardcode library paths into programs
configure:14567: result: immediate
configure:20858: checking for pkg-config
configure:20876: found /usr/bin/pkg-config
configure:20888: result: /usr/bin/pkg-config
configure:20913: checking pkg-config is at least version 0.9.0
configure:20916: result: yes
configure:20927: checking for LINJAP
configure:20934: $PKG_CONFIG --exists --print-errors "gtkmm-2.4"
configure:20937: $? = 0
configure:20950: $PKG_CONFIG --exists --print-errors "gtkmm-2.4"
configure:20953: $? = 0
configure:21030: result: yes
configure:21177: creating ./config.status

## ---------------------- ##
## Running config.status. ##
## ---------------------- ##

This file was extended by linjap config.status 2.0.0.4, which was
generated by GNU Autoconf 2.63.  Invocation command line was

  CONFIG_FILES    = 
  CONFIG_HEADERS  = 
  CONFIG_LINKS    = 
  CONFIG_COMMANDS = 
  $ ./config.status 

on main

config.status:807: creating Makefile
config.status:807: creating src/Makefile
config.status:807: creating config.h
config.status:1029: config.h is unchanged
config.status:1081: executing depfiles commands

## ---------------- ##
## Cache variables. ##
## ---------------- ##

ac_cv_build=i686-pc-linux-gnu
ac_cv_c_compiler_gnu=yes
ac_cv_cxx_compiler_gnu=yes
ac_cv_env_CCC_set=
ac_cv_env_CCC_value=
ac_cv_env_CC_set=
ac_cv_env_CC_value=
ac_cv_env_CFLAGS_set=
ac_cv_env_CFLAGS_value=
ac_cv_env_CPPFLAGS_set=
ac_cv_env_CPPFLAGS_value=
ac_cv_env_CPP_set=
ac_cv_env_CPP_value=
ac_cv_env_CXXCPP_set=
ac_cv_env_CXXCPP_value=
ac_cv_env_CXXFLAGS_set=
ac_cv_env_CXXFLAGS_value=
ac_cv_env_CXX_set=
ac_cv_env_CXX_value=
ac_cv_env_F77_set=
ac_cv_env_F77_value=
ac_cv_env_FFLAGS_set=
ac_cv_env_FFLAGS_value=
ac_cv_env_LDFLAGS_set=
ac_cv_env_LDFLAGS_value=
ac_cv_env_LIBS_set=
ac_cv_env_LIBS_value=
ac_cv_env_LINJAP_CFLAGS_set=
ac_cv_env_LINJAP_CFLAGS_value=
ac_cv_env_LINJAP_LIBS_set=
ac_cv_env_LINJAP_LIBS_value=
ac_cv_env_PKG_CONFIG_set=
ac_cv_env_PKG_CONFIG_value=
ac_cv_env_build_alias_set=
ac_cv_env_build_alias_value=
ac_cv_env_host_alias_set=
ac_cv_env_host_alias_value=
ac_cv_env_target_alias_set=
ac_cv_env_target_alias_value=
ac_cv_f77_compiler_gnu=no
ac_cv_header_dlfcn_h=yes
ac_cv_header_inttypes_h=yes
ac_cv_header_memory_h=yes
ac_cv_header_stdc=yes
ac_cv_header_stdint_h=yes
ac_cv_header_stdlib_h=yes
ac_cv_header_string_h=yes
ac_cv_header_strings_h=yes
ac_cv_header_sys_stat_h=yes
ac_cv_header_sys_types_h=yes
ac_cv_header_unistd_h=yes
ac_cv_host=i686-pc-linux-gnu
ac_cv_objext=o
ac_cv_path_EGREP='/bin/grep -E'
ac_cv_path_GREP=/bin/grep
ac_cv_path_ac_pt_PKG_CONFIG=/usr/bin/pkg-config
ac_cv_path_install='/usr/bin/install -c'
ac_cv_path_mkdir=/bin/mkdir
ac_cv_prog_AWK=gawk
ac_cv_prog_CPP='gcc -E'
ac_cv_prog_CXXCPP='g++ -E'
ac_cv_prog_ac_ct_AR=ar
ac_cv_prog_ac_ct_CC=gcc
ac_cv_prog_ac_ct_CXX=g++
ac_cv_prog_ac_ct_RANLIB=ranlib
ac_cv_prog_ac_ct_STRIP=strip
ac_cv_prog_cc_c89=
ac_cv_prog_cc_g=yes
ac_cv_prog_cxx_g=yes
ac_cv_prog_f77_g=no
ac_cv_prog_make_make_set=yes
ac_cv_search_strerror='none required'
am_cv_CC_dependencies_compiler_type=gcc3
am_cv_CXX_dependencies_compiler_type=gcc3
am_cv_prog_cc_stdc=
lt_cv_deplibs_check_method=pass_all
lt_cv_file_magic_cmd='$MAGIC_CMD'
lt_cv_file_magic_test_file=
lt_cv_ld_reload_flag=-r
lt_cv_objdir=.libs
lt_cv_path_LD=/usr/bin/ld
lt_cv_path_LDCXX=/usr/bin/ld
lt_cv_path_NM='/usr/bin/nm -B'
lt_cv_path_SED=/bin/sed
lt_cv_prog_compiler_c_o=yes
lt_cv_prog_compiler_c_o_CXX=yes
lt_cv_prog_compiler_pic_works=yes
lt_cv_prog_compiler_pic_works_CXX=yes
lt_cv_prog_compiler_rtti_exceptions=no
lt_cv_prog_compiler_static_works=yes
lt_cv_prog_compiler_static_works_CXX=yes
lt_cv_prog_gnu_ld=yes
lt_cv_prog_gnu_ldcxx=yes
lt_cv_sys_global_symbol_pipe='sed -n -e '\''s/^.*[ 	]\([ABCDGIRSTW][ABCDGIRSTW]*\)[ 	][ 	]*\([_A-Za-z][_A-Za-z0-9]*\)$/\1 \2 \2/p'\'''
lt_cv_sys_global_symbol_to_c_name_address='sed -n -e '\''s/^: \([^ ]*\) $/  {\"\1\", (lt_ptr) 0},/p'\'' -e '\''s/^[BCDEGRST] \([^ ]*\) \([^ ]*\)$/  {"\2", (lt_ptr) \&\2},/p'\'''
lt_cv_sys_global_symbol_to_cdecl='sed -n -e '\''s/^. .* \(.*\)$/extern int \1;/p'\'''
lt_cv_sys_lib_dlsearch_path_spec='/usr/lib /lib /usr/lib/mysql /usr/lib/nvidia /usr/lib/qt-3.3/lib /usr/lib/wine/ /usr/lib/xulrunner-1.9 '
lt_cv_sys_lib_search_path_spec='/usr/lib /lib /usr/local/lib'
lt_cv_sys_max_cmd_len=1966080
lt_lt_cv_prog_compiler_c_o='"yes"'
lt_lt_cv_prog_compiler_c_o_CXX='"yes"'
lt_lt_cv_sys_global_symbol_pipe='"sed -n -e '\''s/^.*[ 	]\\([ABCDGIRSTW][ABCDGIRSTW]*\\)[ 	][ 	]*\\([_A-Za-z][_A-Za-z0-9]*\\)\$/\\1 \\2 \\2/p'\''"'
lt_lt_cv_sys_global_symbol_to_c_name_address='"sed -n -e '\''s/^: \\([^ ]*\\) \$/  {\\\"\\1\\\", (lt_ptr) 0},/p'\'' -e '\''s/^[BCDEGRST] \\([^ ]*\\) \\([^ ]*\\)\$/  {\"\\2\", (lt_ptr) \\&\\2},/p'\''"'
lt_lt_cv_sys_global_symbol_to_cdecl='"sed -n -e '\''s/^. .* \\(.*\\)\$/extern int \\1;/p'\''"'
pkg_cv_LINJAP_CFLAGS='-I/usr/include/gtkmm-2.4 -I/usr/lib/gtkmm-2.4/include -I/usr/include/glibmm-2.4 -I/usr/lib/glibmm-2.4/include -I/usr/include/giomm-2.4 -I/usr/lib/giomm-2.4/include -I/usr/include/gdkmm-2.4 -I/usr/lib/gdkmm-2.4/include -I/usr/include/pangomm-1.4 -I/usr/include/atkmm-1.6 -I/usr/include/gtk-2.0 -I/usr/include/sigc++-2.0 -I/usr/lib/sigc++-2.0/include -I/usr/include/glib-2.0 -I/usr/lib/glib-2.0/include -I/usr/lib/gtk-2.0/include -I/usr/include/cairomm-1.0 -I/usr/include/pango-1.0 -I/usr/include/cairo -I/usr/include/atk-1.0 -I/usr/include/freetype2  '
pkg_cv_LINJAP_LIBS='-lgtkmm-2.4 -lgiomm-2.4 -lgdkmm-2.4 -latkmm-1.6 -lgtk-x11-2.0 -lpangomm-1.4 -lcairomm-1.0 -lglibmm-2.4 -lsigc-2.0 -lgdk-x11-2.0 -latk-1.0 -lgio-2.0 -lpangoft2-1.0 -lgdk_pixbuf-2.0 -lpangocairo-1.0 -lcairo -lpango-1.0 -lfreetype -lfontconfig -lgobject-2.0 -lgmodule-2.0 -lglib-2.0  '

## ----------------- ##
## Output variables. ##
## ----------------- ##

ACLOCAL='${SHELL} /home/sin/Projects/linjap/missing --run aclocal-1.10'
AMDEPBACKSLASH='\'
AMDEP_FALSE='#'
AMDEP_TRUE=''
AMTAR='${SHELL} /home/sin/Projects/linjap/missing --run tar'
AR='ar'
AUTOCONF='${SHELL} /home/sin/Projects/linjap/missing --run autoconf'
AUTOHEADER='${SHELL} /home/sin/Projects/linjap/missing --run autoheader'
AUTOMAKE='${SHELL} /home/sin/Projects/linjap/missing --run automake-1.10'
AWK='gawk'
CC='gcc'
CCDEPMODE='depmode=gcc3'
CFLAGS='-g -O2'
CPP='gcc -E'
CPPFLAGS=''
CXX='g++'
CXXCPP='g++ -E'
CXXDEPMODE='depmode=gcc3'
CXXFLAGS='-g -O2'
CYGPATH_W='echo'
DEFS='-DHAVE_CONFIG_H'
DEPDIR='.deps'
DSYMUTIL=''
ECHO='echo'
ECHO_C=''
ECHO_N='-n'
ECHO_T=''
EGREP='/bin/grep -E'
EXEEXT=''
F77=''
FFLAGS=''
GREP='/bin/grep'
INSTALL_DATA='${INSTALL} -m 644'
INSTALL_PROGRAM='${INSTALL}'
INSTALL_SCRIPT='${INSTALL}'
INSTALL_STRIP_PROGRAM='$(install_sh) -c -s'
LDFLAGS=''
LIBOBJS=''
LIBS=''
LIBTOOL='$(SHELL) $(top_builddir)/libtool'
LINJAP_CFLAGS='-I/usr/include/gtkmm-2.4 -I/usr/lib/gtkmm-2.4/include -I/usr/include/glibmm-2.4 -I/usr/lib/glibmm-2.4/include -I/usr/include/giomm-2.4 -I/usr/lib/giomm-2.4/include -I/usr/include/gdkmm-2.4 -I/usr/lib/gdkmm-2.4/include -I/usr/include/pangomm-1.4 -I/usr/include/atkmm-1.6 -I/usr/include/gtk-2.0 -I/usr/include/sigc++-2.0 -I/usr/lib/sigc++-2.0/include -I/usr/include/glib-2.0 -I/usr/lib/glib-2.0/include -I/usr/lib/gtk-2.0/include -I/usr/include/cairomm-1.0 -I/usr/include/pango-1.0 -I/usr/include/cairo -I/usr/include/atk-1.0 -I/usr/include/freetype2  '
LINJAP_LIBS='-lgtkmm-2.4 -lgiomm-2.4 -lgdkmm-2.4 -latkmm-1.6 -lgtk-x11-2.0 -lpangomm-1.4 -lcairomm-1.0 -lglibmm-2.4 -lsigc-2.0 -lgdk-x11-2.0 -latk-1.0 -lgio-2.0 -lpangoft2-1.0 -lgdk_pixbuf-2.0 -lpangocairo-1.0 -lcairo -lpango-1.0 -lfreetype -lfontconfig -lgobject-2.0 -lgmodule-2.0 -lglib-2.0  '
LN_S='ln -s'
LTLIBOBJS=''
MAINT='#'
MAINTAINER_MODE_FALSE=''
MAINTAINER_MODE_TRUE='#'
MAKEINFO='${SHELL} /home/sin/Projects/linjap/missing --run makeinfo'
MKDIR_P='/bin/mkdir -p'
NMEDIT=''
OBJEXT='o'
PACKAGE='linjap'
PACKAGE_BUGREPORT=''
PACKAGE_NAME='linjap'
PACKAGE_STRING='linjap 2.0.0.4'
PACKAGE_TARNAME='linjap'
PACKAGE_VERSION='2.0.0.4'
PATH_SEPARATOR=':'
PKG_CONFIG='/usr/bin/pkg-config'
RANLIB='ranlib'
SED='/bin/sed'
SET_MAKE=''
SHELL='/bin/sh'
STRIP='strip'
VERSION='2.0.0.4'
ac_ct_CC='gcc'
ac_ct_CXX='g++'
ac_ct_F77=''
am__fastdepCC_FALSE='#'
am__fastdepCC_TRUE=''
am__fastdepCXX_FALSE='#'
am__fastdepCXX_TRUE=''
am__include='include'
am__isrc=''
am__leading_dot='.'
am__quote=''
am__tar='${AMTAR} chof - "$$tardir"'
am__untar='${AMTAR} xf -'
bindir='${exec_prefix}/bin'
build='i686-pc-linux-gnu'
build_alias=''
build_cpu='i686'
build_os='linux-gnu'
build_vendor='pc'
datadir='${datarootdir}'
datarootdir='${prefix}/share'
docdir='${datarootdir}/doc/${PACKAGE_TARNAME}'
dvidir='${docdir}'
exec_prefix='${prefix}'
host='i686-pc-linux-gnu'
host_alias=''
host_cpu='i686'
host_os='linux-gnu'
host_vendor='pc'
htmldir='${docdir}'
includedir='${prefix}/include'
infodir='${datarootdir}/info'
install_sh='$(SHELL) /home/sin/Projects/linjap/install-sh'
libdir='${exec_prefix}/lib'
libexecdir='${exec_prefix}/libexec'
localedir='${datarootdir}/locale'
localstatedir='${prefix}/var'
mandir='${datarootdir}/man'
mkdir_p='/bin/mkdir -p'
oldincludedir='/usr/include'
pdfdir='${docdir}'
prefix='/usr/local'
program_transform_name='s,x,x,'
psdir='${docdir}'
sbindir='${exec_prefix}/sbin'
sharedstatedir='${prefix}/com'
sysconfdir='${prefix}/etc'
target_alias=''

## ----------- ##
## confdefs.h. ##
## ----------- ##

#define PACKAGE_NAME "linjap"
#define PACKAGE_TARNAME "linjap"
#define PACKAGE_VERSION "2.0.0.4"
#define PACKAGE_STRING "linjap 2.0.0.4"
#define PACKAGE_BUGREPORT ""
#define PACKAGE "linjap"
#define VERSION "2.0.0.4"
#define STDC_HEADERS 1
#define HAVE_SYS_TYPES_H 1
#define HAVE_SYS_STAT_H 1
#define HAVE_STDLIB_H 1
#define HAVE_STRING_H 1
#define HAVE_MEMORY_H 1
#define HAVE_STRINGS_H 1
#define HAVE_INTTYPES_H 1
#define HAVE_STDINT_H 1
#define HAVE_UNISTD_H 1
#define HAVE_DLFCN_H 1

configure: exit 0
